<?xml version="1.0" encoding="UTF-8"?>
<testng-results skipped="0" failed="0" ignored="0" total="1" passed="1">
    <reporter-output>
    </reporter-output>
    <suite name="Default suite" duration-ms="13308" started-at="2018-11-26T03:28:18Z"
           finished-at="2018-11-26T03:28:32Z">
        <groups>
        </groups>
        <test name="Default test" duration-ms="13308" started-at="2018-11-26T03:28:18Z"
              finished-at="2018-11-26T03:28:32Z">
            <class name="com.sgic.automation.demo.test.KeywordDrivenTest">
                <test-method status="PASS"
                             signature="setUp()[pri:0, instance:com.sgic.automation.demo.test.KeywordDrivenTest@528931cf]"
                             name="setUp" is-config="true" duration-ms="5710" started-at="2018-11-26T03:28:18Z"
                             finished-at="2018-11-26T03:28:24Z">
                    <reporter-output>
                    </reporter-output>
                </test-method> <!-- setUp -->
                <test-method status="PASS"
                             signature="keywordTest()[pri:0, instance:com.sgic.automation.demo.test.KeywordDrivenTest@528931cf]"
                             name="keywordTest" duration-ms="7365" started-at="2018-11-26T03:28:24Z"
                             finished-at="2018-11-26T03:28:31Z">
                    <reporter-output>
                    </reporter-output>
                </test-method> <!-- keywordTest -->
                <test-method status="PASS"
                             signature="tearDown()[pri:0, instance:com.sgic.automation.demo.test.KeywordDrivenTest@528931cf]"
                             name="tearDown" is-config="true" duration-ms="219" started-at="2018-11-26T03:28:31Z"
                             finished-at="2018-11-26T03:28:32Z">
                    <reporter-output>
                    </reporter-output>
                </test-method> <!-- tearDown -->
            </class> <!-- com.sgic.automation.demo.test.KeywordDrivenTest -->
        </test> <!-- Default test -->
    </suite> <!-- Default suite -->
</testng-results>
